# JRE version: Java(TM) SE Runtime Environment (8.0_371) (build 1.8.0_371-b11)
# Java VM: Java HotSpot(TM) 64-Bit Server VM (25.371-b11 mixed mode windows-amd64 compressed oops)
Heap:
 PSYoungGen      total 867328K, used 663421K [0x000000076c300000, 0x00000007aed00000, 0x00000007c0000000)
  eden space 822784K, 80% used [0x000000076c300000,0x0000000794adf4b0,0x000000079e680000)
  from space 44544K, 0% used [0x000000079e680000,0x000000079e680000,0x00000007a1200000)
  to   space 62464K, 0% used [0x00000007ab000000,0x00000007ab000000,0x00000007aed00000)
 ParOldGen       total 258048K, used 125075K [0x00000006c4800000, 0x00000006d4400000, 0x000000076c300000)
  object space 258048K, 48% used [0x00000006c4800000,0x00000006cc224c58,0x00000006d4400000)
 Metaspace       used 43370K, capacity 43723K, committed 44352K, reserved 1087488K
  class space    used 5745K, capacity 5898K, committed 5952K, reserved 1048576K
GC Heap History (10 events):
Event: 3.672 GC heap before
{Heap before GC invocations=10 (full 2):
 PSYoungGen      total 508416K, used 26673K [0x000000076c300000, 0x000000078da00000, 0x00000007c0000000)
  eden space 470528K, 0% used [0x000000076c300000,0x000000076c300000,0x0000000788e80000)
  from space 37888K, 70% used [0x000000078b400000,0x000000078ce0c5d8,0x000000078d900000)
  to   space 38400K, 0% used [0x0000000788e80000,0x0000000788e80000,0x000000078b400000)
 ParOldGen       total 172032K, used 64277K [0x00000006c4800000, 0x00000006cf000000, 0x000000076c300000)
  object space 172032K, 37% used [0x00000006c4800000,0x00000006c86c5658,0x00000006cf000000)
 Metaspace       used 22203K, capacity 22538K, committed 22616K, reserved 1069056K
  class space    used 2711K, capacity 2808K, committed 2816K, reserved 1048576K
Event: 3.724 GC heap after
Heap after GC invocations=10 (full 2):
 PSYoungGen      total 508416K, used 0K [0x000000076c300000, 0x000000078da00000, 0x00000007c0000000)
  eden space 470528K, 0% used [0x000000076c300000,0x000000076c300000,0x0000000788e80000)
  from space 37888K, 0% used [0x000000078b400000,0x000000078b400000,0x000000078d900000)
  to   space 38400K, 0% used [0x0000000788e80000,0x0000000788e80000,0x000000078b400000)
 ParOldGen       total 151552K, used 53682K [0x00000006c4800000, 0x00000006cdc00000, 0x000000076c300000)
  object space 151552K, 35% used [0x00000006c4800000,0x00000006c7c6caa8,0x00000006cdc00000)
 Metaspace       used 22203K, capacity 22538K, committed 22616K, reserved 1069056K
  class space    used 2711K, capacity 2808K, committed 2816K, reserved 1048576K
}
Event: 5.013 GC heap before
{Heap before GC invocations=11 (full 2):
 PSYoungGen      total 508416K, used 470528K [0x000000076c300000, 0x000000078da00000, 0x00000007c0000000)
  eden space 470528K, 100% used [0x000000076c300000,0x0000000788e80000,0x0000000788e80000)
  from space 37888K, 0% used [0x000000078b400000,0x000000078b400000,0x000000078d900000)
  to   space 38400K, 0% used [0x0000000788e80000,0x0000000788e80000,0x000000078b400000)
 ParOldGen       total 151552K, used 53682K [0x00000006c4800000, 0x00000006cdc00000, 0x000000076c300000)
  object space 151552K, 35% used [0x00000006c4800000,0x00000006c7c6caa8,0x00000006cdc00000)
 Metaspace       used 26212K, capacity 26544K, committed 26880K, reserved 1073152K
  class space    used 3457K, capacity 3547K, committed 3584K, reserved 1048576K
Event: 5.025 GC heap after
Heap after GC invocations=11 (full 2):
 PSYoungGen      total 508928K, used 25564K [0x000000076c300000, 0x00000007a3d80000, 0x00000007c0000000)
  eden space 470528K, 0% used [0x000000076c300000,0x000000076c300000,0x0000000788e80000)
  from space 38400K, 66% used [0x0000000788e80000,0x000000078a777388,0x000000078b400000)
  to   space 37888K, 0% used [0x00000007a1880000,0x00000007a1880000,0x00000007a3d80000)
 ParOldGen       total 151552K, used 53690K [0x00000006c4800000, 0x00000006cdc00000, 0x000000076c300000)
  object space 151552K, 35% used [0x00000006c4800000,0x00000006c7c6eaa8,0x00000006cdc00000)
 Metaspace       used 26212K, capacity 26544K, committed 26880K, reserved 1073152K
  class space    used 3457K, capacity 3547K, committed 3584K, reserved 1048576K
}
Event: 5.949 GC heap before
{Heap before GC invocations=12 (full 2):
 PSYoungGen      total 508928K, used 496092K [0x000000076c300000, 0x00000007a3d80000, 0x00000007c0000000)
  eden space 470528K, 100% used [0x000000076c300000,0x0000000788e80000,0x0000000788e80000)
  from space 38400K, 66% used [0x0000000788e80000,0x000000078a777388,0x000000078b400000)
  to   space 37888K, 0% used [0x00000007a1880000,0x00000007a1880000,0x00000007a3d80000)
 ParOldGen       total 151552K, used 53690K [0x00000006c4800000, 0x00000006cdc00000, 0x000000076c300000)
  object space 151552K, 35% used [0x00000006c4800000,0x00000006c7c6eaa8,0x00000006cdc00000)
 Metaspace       used 31542K, capacity 31924K, committed 32256K, reserved 1077248K
  class space    used 4397K, capacity 4531K, committed 4608K, reserved 1048576K
Event: 5.967 GC heap after
Heap after GC invocations=12 (full 2):
 PSYoungGen      total 718336K, used 37887K [0x000000076c300000, 0x00000007a3d80000, 0x00000007c0000000)
  eden space 680448K, 0% used [0x000000076c300000,0x000000076c300000,0x0000000795b80000)
  from space 37888K, 99% used [0x00000007a1880000,0x00000007a3d7fe10,0x00000007a3d80000)
  to   space 44544K, 0% used [0x000000079e680000,0x000000079e680000,0x00000007a1200000)
 ParOldGen       total 151552K, used 60199K [0x00000006c4800000, 0x00000006cdc00000, 0x000000076c300000)
  object space 151552K, 39% used [0x00000006c4800000,0x00000006c82c9f38,0x00000006cdc00000)
 Metaspace       used 31542K, capacity 31924K, committed 32256K, reserved 1077248K
  class space    used 4397K, capacity 4531K, committed 4608K, reserved 1048576K
}
Event: 8.158 GC heap before
{Heap before GC invocations=13 (full 2):
 PSYoungGen      total 718336K, used 489568K [0x000000076c300000, 0x00000007a3d80000, 0x00000007c0000000)
  eden space 680448K, 66% used [0x000000076c300000,0x0000000787c18498,0x0000000795b80000)
  from space 37888K, 99% used [0x00000007a1880000,0x00000007a3d7fe10,0x00000007a3d80000)
  to   space 44544K, 0% used [0x000000079e680000,0x000000079e680000,0x00000007a1200000)
 ParOldGen       total 151552K, used 60199K [0x00000006c4800000, 0x00000006cdc00000, 0x000000076c300000)
  object space 151552K, 39% used [0x00000006c4800000,0x00000006c82c9f38,0x00000006cdc00000)
 Metaspace       used 37150K, capacity 37429K, committed 37696K, reserved 1081344K
  class space    used 5021K, capacity 5166K, committed 5184K, reserved 1048576K
Event: 8.185 GC heap after
Heap after GC invocations=13 (full 2):
 PSYoungGen      total 867328K, used 44528K [0x000000076c300000, 0x00000007aed00000, 0x00000007c0000000)
  eden space 822784K, 0% used [0x000000076c300000,0x000000076c300000,0x000000079e680000)
  from space 44544K, 99% used [0x000000079e680000,0x00000007a11fc360,0x00000007a1200000)
  to   space 62464K, 0% used [0x00000007ab000000,0x00000007ab000000,0x00000007aed00000)
 ParOldGen       total 151552K, used 93872K [0x00000006c4800000, 0x00000006cdc00000, 0x000000076c300000)
  object space 151552K, 61% used [0x00000006c4800000,0x00000006ca3ac228,0x00000006cdc00000)
 Metaspace       used 37150K, capacity 37429K, committed 37696K, reserved 1081344K
  class space    used 5021K, capacity 5166K, committed 5184K, reserved 1048576K
}
Event: 8.185 GC heap before
{Heap before GC invocations=14 (full 3):
 PSYoungGen      total 867328K, used 44528K [0x000000076c300000, 0x00000007aed00000, 0x00000007c0000000)
  eden space 822784K, 0% used [0x000000076c300000,0x000000076c300000,0x000000079e680000)
  from space 44544K, 99% used [0x000000079e680000,0x00000007a11fc360,0x00000007a1200000)
  to   space 62464K, 0% used [0x00000007ab000000,0x00000007ab000000,0x00000007aed00000)
 ParOldGen       total 151552K, used 93872K [0x00000006c4800000, 0x00000006cdc00000, 0x000000076c300000)
  object space 151552K, 61% used [0x00000006c4800000,0x00000006ca3ac228,0x00000006cdc00000)
 Metaspace       used 37150K, capacity 37429K, committed 37696K, reserved 1081344K
  class space    used 5021K, capacity 5166K, committed 5184K, reserved 1048576K
Event: 8.310 GC heap after
Heap after GC invocations=14 (full 3):
 PSYoungGen      total 867328K, used 0K [0x000000076c300000, 0x00000007aed00000, 0x00000007c0000000)
  eden space 822784K, 0% used [0x000000076c300000,0x000000076c300000,0x000000079e680000)
  from space 44544K, 0% used [0x000000079e680000,0x000000079e680000,0x00000007a1200000)
  to   space 62464K, 0% used [0x00000007ab000000,0x00000007ab000000,0x00000007aed00000)
 ParOldGen       total 258048K, used 125075K [0x00000006c4800000, 0x00000006d4400000, 0x000000076c300000)
  object space 258048K, 48% used [0x00000006c4800000,0x00000006cc224c58,0x00000006d4400000)
 Metaspace       used 37150K, capacity 37429K, committed 37696K, reserved 1081344K
  class space    used 5021K, capacity 5166K, committed 5184K, reserved 1048576K
}

