# JRE version: Java(TM) SE Runtime Environment (8.0_371) (build 1.8.0_371-b11)
# Java VM: Java HotSpot(TM) 64-Bit Server VM (25.371-b11 mixed mode windows-amd64 compressed oops)
Heap:
 PSYoungGen      total 782336K, used 419142K [0x000000076c300000, 0x00000007a6e80000, 0x00000007c0000000)
  eden space 736768K, 56% used [0x000000076c300000,0x0000000785c51ab8,0x0000000799280000)
  from space 45568K, 0% used [0x0000000799280000,0x0000000799280000,0x000000079bf00000)
  to   space 64512K, 0% used [0x00000007a2f80000,0x00000007a2f80000,0x00000007a6e80000)
 ParOldGen       total 289792K, used 129193K [0x00000006c4800000, 0x00000006d6300000, 0x000000076c300000)
  object space 289792K, 44% used [0x00000006c4800000,0x00000006cc62a558,0x00000006d6300000)
 Metaspace       used 41306K, capacity 41675K, committed 42240K, reserved 1085440K
  class space    used 5386K, capacity 5514K, committed 5632K, reserved 1048576K
GC Heap History (10 events):
Event: 2.534 GC heap before
{Heap before GC invocations=10 (full 2):
 PSYoungGen      total 504320K, used 26564K [0x000000076c300000, 0x000000078d700000, 0x00000007c0000000)
  eden space 465408K, 0% used [0x000000076c300000,0x000000076c300000,0x0000000788980000)
  from space 38912K, 68% used [0x000000078b000000,0x000000078c9f1288,0x000000078d600000)
  to   space 39424K, 0% used [0x0000000788980000,0x0000000788980000,0x000000078b000000)
 ParOldGen       total 172032K, used 67822K [0x00000006c4800000, 0x00000006cf000000, 0x000000076c300000)
  object space 172032K, 39% used [0x00000006c4800000,0x00000006c8a3ba30,0x00000006cf000000)
 Metaspace       used 22546K, capacity 22860K, committed 23040K, reserved 1069056K
  class space    used 2730K, capacity 2811K, committed 2816K, reserved 1048576K
Event: 2.581 GC heap after
Heap after GC invocations=10 (full 2):
 PSYoungGen      total 504320K, used 0K [0x000000076c300000, 0x000000078d700000, 0x00000007c0000000)
  eden space 465408K, 0% used [0x000000076c300000,0x000000076c300000,0x0000000788980000)
  from space 38912K, 0% used [0x000000078b000000,0x000000078b000000,0x000000078d600000)
  to   space 39424K, 0% used [0x0000000788980000,0x0000000788980000,0x000000078b000000)
 ParOldGen       total 164864K, used 55134K [0x00000006c4800000, 0x00000006ce900000, 0x000000076c300000)
  object space 164864K, 33% used [0x00000006c4800000,0x00000006c7dd78f8,0x00000006ce900000)
 Metaspace       used 22546K, capacity 22860K, committed 23040K, reserved 1069056K
  class space    used 2730K, capacity 2811K, committed 2816K, reserved 1048576K
}
Event: 3.640 GC heap before
{Heap before GC invocations=11 (full 2):
 PSYoungGen      total 504320K, used 465408K [0x000000076c300000, 0x000000078d700000, 0x00000007c0000000)
  eden space 465408K, 100% used [0x000000076c300000,0x0000000788980000,0x0000000788980000)
  from space 38912K, 0% used [0x000000078b000000,0x000000078b000000,0x000000078d600000)
  to   space 39424K, 0% used [0x0000000788980000,0x0000000788980000,0x000000078b000000)
 ParOldGen       total 164864K, used 55134K [0x00000006c4800000, 0x00000006ce900000, 0x000000076c300000)
  object space 164864K, 33% used [0x00000006c4800000,0x00000006c7dd78f8,0x00000006ce900000)
 Metaspace       used 25904K, capacity 26220K, committed 26624K, reserved 1073152K
  class space    used 3403K, capacity 3483K, committed 3584K, reserved 1048576K
Event: 3.653 GC heap after
Heap after GC invocations=11 (full 2):
 PSYoungGen      total 504832K, used 24861K [0x000000076c300000, 0x000000079eb80000, 0x00000007c0000000)
  eden space 465408K, 0% used [0x000000076c300000,0x000000076c300000,0x0000000788980000)
  from space 39424K, 63% used [0x0000000788980000,0x000000078a1c7490,0x000000078b000000)
  to   space 38400K, 0% used [0x000000079c600000,0x000000079c600000,0x000000079eb80000)
 ParOldGen       total 164864K, used 55142K [0x00000006c4800000, 0x00000006ce900000, 0x000000076c300000)
  object space 164864K, 33% used [0x00000006c4800000,0x00000006c7dd98f8,0x00000006ce900000)
 Metaspace       used 25904K, capacity 26220K, committed 26624K, reserved 1073152K
  class space    used 3403K, capacity 3483K, committed 3584K, reserved 1048576K
}
Event: 4.830 GC heap before
{Heap before GC invocations=12 (full 2):
 PSYoungGen      total 504832K, used 490269K [0x000000076c300000, 0x000000079eb80000, 0x00000007c0000000)
  eden space 465408K, 100% used [0x000000076c300000,0x0000000788980000,0x0000000788980000)
  from space 39424K, 63% used [0x0000000788980000,0x000000078a1c7490,0x000000078b000000)
  to   space 38400K, 0% used [0x000000079c600000,0x000000079c600000,0x000000079eb80000)
 ParOldGen       total 164864K, used 55142K [0x00000006c4800000, 0x00000006ce900000, 0x000000076c300000)
  object space 164864K, 33% used [0x00000006c4800000,0x00000006c7dd98f8,0x00000006ce900000)
 Metaspace       used 32899K, capacity 33251K, committed 33536K, reserved 1079296K
  class space    used 4404K, capacity 4539K, committed 4608K, reserved 1048576K
Event: 4.849 GC heap after
Heap after GC invocations=12 (full 2):
 PSYoungGen      total 664576K, used 38375K [0x000000076c300000, 0x000000079eb80000, 0x00000007c0000000)
  eden space 626176K, 0% used [0x000000076c300000,0x000000076c300000,0x0000000792680000)
  from space 38400K, 99% used [0x000000079c600000,0x000000079eb79e78,0x000000079eb80000)
  to   space 45568K, 0% used [0x0000000799280000,0x0000000799280000,0x000000079bf00000)
 ParOldGen       total 164864K, used 62330K [0x00000006c4800000, 0x00000006ce900000, 0x000000076c300000)
  object space 164864K, 37% used [0x00000006c4800000,0x00000006c84de868,0x00000006ce900000)
 Metaspace       used 32899K, capacity 33251K, committed 33536K, reserved 1079296K
  class space    used 4404K, capacity 4539K, committed 4608K, reserved 1048576K
}
Event: 6.606 GC heap before
{Heap before GC invocations=13 (full 2):
 PSYoungGen      total 664576K, used 560172K [0x000000076c300000, 0x000000079eb80000, 0x00000007c0000000)
  eden space 626176K, 83% used [0x000000076c300000,0x000000078c0911c0,0x0000000792680000)
  from space 38400K, 99% used [0x000000079c600000,0x000000079eb79e78,0x000000079eb80000)
  to   space 45568K, 0% used [0x0000000799280000,0x0000000799280000,0x000000079bf00000)
 ParOldGen       total 164864K, used 62330K [0x00000006c4800000, 0x00000006ce900000, 0x000000076c300000)
  object space 164864K, 37% used [0x00000006c4800000,0x00000006c84de868,0x00000006ce900000)
 Metaspace       used 37772K, capacity 38067K, committed 38400K, reserved 1083392K
  class space    used 5017K, capacity 5167K, committed 5248K, reserved 1048576K
Event: 6.642 GC heap after
Heap after GC invocations=13 (full 2):
 PSYoungGen      total 782336K, used 45562K [0x000000076c300000, 0x00000007a6e80000, 0x00000007c0000000)
  eden space 736768K, 0% used [0x000000076c300000,0x000000076c300000,0x0000000799280000)
  from space 45568K, 99% used [0x0000000799280000,0x000000079befeb78,0x000000079bf00000)
  to   space 64512K, 0% used [0x00000007a2f80000,0x00000007a2f80000,0x00000007a6e80000)
 ParOldGen       total 164864K, used 98442K [0x00000006c4800000, 0x00000006ce900000, 0x000000076c300000)
  object space 164864K, 59% used [0x00000006c4800000,0x00000006ca8228d0,0x00000006ce900000)
 Metaspace       used 37772K, capacity 38067K, committed 38400K, reserved 1083392K
  class space    used 5017K, capacity 5167K, committed 5248K, reserved 1048576K
}
Event: 6.642 GC heap before
{Heap before GC invocations=14 (full 3):
 PSYoungGen      total 782336K, used 45562K [0x000000076c300000, 0x00000007a6e80000, 0x00000007c0000000)
  eden space 736768K, 0% used [0x000000076c300000,0x000000076c300000,0x0000000799280000)
  from space 45568K, 99% used [0x0000000799280000,0x000000079befeb78,0x000000079bf00000)
  to   space 64512K, 0% used [0x00000007a2f80000,0x00000007a2f80000,0x00000007a6e80000)
 ParOldGen       total 164864K, used 98442K [0x00000006c4800000, 0x00000006ce900000, 0x000000076c300000)
  object space 164864K, 59% used [0x00000006c4800000,0x00000006ca8228d0,0x00000006ce900000)
 Metaspace       used 37772K, capacity 38067K, committed 38400K, reserved 1083392K
  class space    used 5017K, capacity 5167K, committed 5248K, reserved 1048576K
Event: 6.781 GC heap after
Heap after GC invocations=14 (full 3):
 PSYoungGen      total 782336K, used 0K [0x000000076c300000, 0x00000007a6e80000, 0x00000007c0000000)
  eden space 736768K, 0% used [0x000000076c300000,0x000000076c300000,0x0000000799280000)
  from space 45568K, 0% used [0x0000000799280000,0x0000000799280000,0x000000079bf00000)
  to   space 64512K, 0% used [0x00000007a2f80000,0x00000007a2f80000,0x00000007a6e80000)
 ParOldGen       total 289792K, used 129193K [0x00000006c4800000, 0x00000006d6300000, 0x000000076c300000)
  object space 289792K, 44% used [0x00000006c4800000,0x00000006cc62a558,0x00000006d6300000)
 Metaspace       used 37772K, capacity 38067K, committed 38400K, reserved 1083392K
  class space    used 5017K, capacity 5167K, committed 5248K, reserved 1048576K
}

